0 info it worked if it ends with ok
1 verbose cli [ 'node', '/usr/local/bin/npm', 'install', 'httparty' ]
2 info using npm@1.4.3
3 info using node@v0.10.26
4 warn package.json @ No description
5 warn package.json @ No repository field.
6 warn package.json @ No README data
7 verbose readDependencies using package.json deps
8 verbose cache add [ 'httparty', null ]
9 verbose cache add name=undefined spec="httparty" args=["httparty",null]
10 verbose parsed url { protocol: null,
10 verbose parsed url   slashes: null,
10 verbose parsed url   auth: null,
10 verbose parsed url   host: null,
10 verbose parsed url   port: null,
10 verbose parsed url   hostname: null,
10 verbose parsed url   hash: null,
10 verbose parsed url   search: null,
10 verbose parsed url   query: null,
10 verbose parsed url   pathname: 'httparty',
10 verbose parsed url   path: 'httparty',
10 verbose parsed url   href: 'httparty' }
11 silly lockFile 9b8fbaba-httparty httparty
12 verbose lock httparty /Users/ryanstack/.npm/9b8fbaba-httparty.lock
13 silly lockFile 9b8fbaba-httparty httparty
14 silly lockFile 9b8fbaba-httparty httparty
15 verbose addNamed [ 'httparty', '' ]
16 verbose addNamed [ null, '*' ]
17 silly lockFile 0e772bd2-httparty httparty@
18 verbose lock httparty@ /Users/ryanstack/.npm/0e772bd2-httparty.lock
19 silly addNameRange { name: 'httparty', range: '*', hasData: false }
20 verbose url raw httparty
21 verbose url resolving [ 'https://registry.npmjs.org/', './httparty' ]
22 verbose url resolved https://registry.npmjs.org/httparty
23 info trying registry request attempt 1 at 10:08:09
24 http GET https://registry.npmjs.org/httparty
25 http 404 https://registry.npmjs.org/httparty
26 silly registry.get cb [ 404,
26 silly registry.get   { date: 'Tue, 30 Sep 2014 17:08:09 GMT',
26 silly registry.get     server: 'CouchDB/1.5.0 (Erlang OTP/R14B04)',
26 silly registry.get     'content-type': 'application/json',
26 silly registry.get     'cache-control': 'max-age=0',
26 silly registry.get     'content-length': '52',
26 silly registry.get     'accept-ranges': 'bytes',
26 silly registry.get     via: '1.1 varnish',
26 silly registry.get     age: '0',
26 silly registry.get     'x-served-by': 'cache-sjc3123-SJC',
26 silly registry.get     'x-cache': 'MISS',
26 silly registry.get     'x-cache-hits': '0',
26 silly registry.get     'x-timer': 'S1412096889.508394,VS0,VE362',
26 silly registry.get     'keep-alive': 'timeout=10, max=50',
26 silly registry.get     connection: 'Keep-Alive' } ]
27 silly lockFile 0e772bd2-httparty httparty@
28 silly lockFile 0e772bd2-httparty httparty@
29 error 404 'httparty' is not in the npm registry.
29 error 404 You should bug the author to publish it
29 error 404
29 error 404 Note that you can also install from a
29 error 404 tarball, folder, or http url, or git url.
30 error System Darwin 13.1.0
31 error command "node" "/usr/local/bin/npm" "install" "httparty"
32 error cwd /Users/ryanstack/Desktop/foodApp2.js
33 error node -v v0.10.26
34 error npm -v 1.4.3
35 error code E404
36 verbose exit [ 1, true ]
